2024-03-23 16:51:41 [-][-][-][error][yii\db\Exception] PDOException: SQLSTATE[HY000] [1049] Unknown database 'yii2advanced' in C:\xampp\htdocs\mahasiswa\vendor\yiisoft\yii2\db\Connection.php:722
Stack trace:
#0 C:\xampp\htdocs\mahasiswa\vendor\yiisoft\yii2\db\Connection.php(722): PDO->__construct('mysql:host=loca...', 'root', Object(SensitiveParameterValue), NULL)
#1 C:\xampp\htdocs\mahasiswa\vendor\yiisoft\yii2\db\Connection.php(637): yii\db\Connection->createPdoInstance()
#2 C:\xampp\htdocs\mahasiswa\vendor\yiisoft\yii2\db\Connection.php(1067): yii\db\Connection->open()
#3 C:\xampp\htdocs\mahasiswa\vendor\yiisoft\yii2\db\Connection.php(1054): yii\db\Connection->getMasterPdo()
#4 C:\xampp\htdocs\mahasiswa\vendor\yiisoft\yii2\db\Command.php(261): yii\db\Connection->getSlavePdo(true)
#5 C:\xampp\htdocs\mahasiswa\vendor\yiisoft\yii2\db\Command.php(1181): yii\db\Command->prepare(true)
#6 C:\xampp\htdocs\mahasiswa\vendor\yiisoft\yii2\db\Command.php(417): yii\db\Command->queryInternal('fetchAll', NULL)
#7 C:\xampp\htdocs\mahasiswa\vendor\yiisoft\yii2\db\mysql\Schema.php(328): yii\db\Command->queryAll()
#8 C:\xampp\htdocs\mahasiswa\vendor\yiisoft\yii2\db\mysql\Schema.php(133): yii\db\mysql\Schema->findColumns(Object(yii\db\TableSchema))
#9 C:\xampp\htdocs\mahasiswa\vendor\yiisoft\yii2\db\Schema.php(756): yii\db\mysql\Schema->loadTableSchema('migration')
#10 C:\xampp\htdocs\mahasiswa\vendor\yiisoft\yii2\db\Schema.php(192): yii\db\Schema->getTableMetadata('{{%migration}}', 'schema', true)
#11 C:\xampp\htdocs\mahasiswa\vendor\yiisoft\yii2\console\controllers\MigrateController.php(211): yii\db\Schema->getTableSchema('{{%migration}}', true)
#12 C:\xampp\htdocs\mahasiswa\vendor\yiisoft\yii2\console\controllers\BaseMigrateController.php(908): yii\console\controllers\MigrateController->getMigrationHistory(NULL)
#13 C:\xampp\htdocs\mahasiswa\vendor\yiisoft\yii2\console\controllers\BaseMigrateController.php(183): yii\console\controllers\BaseMigrateController->getNewMigrations()
#14 [internal function]: yii\console\controllers\BaseMigrateController->actionUp(0)
#15 C:\xampp\htdocs\mahasiswa\vendor\yiisoft\yii2\base\InlineAction.php(57): call_user_func_array(Array, Array)
#16 C:\xampp\htdocs\mahasiswa\vendor\yiisoft\yii2\base\Controller.php(178): yii\base\InlineAction->runWithParams(Array)
#17 C:\xampp\htdocs\mahasiswa\vendor\yiisoft\yii2\console\Controller.php(180): yii\base\Controller->runAction('', Array)
#18 C:\xampp\htdocs\mahasiswa\vendor\yiisoft\yii2\base\Module.php(552): yii\console\Controller->runAction('', Array)
#19 C:\xampp\htdocs\mahasiswa\vendor\yiisoft\yii2\console\Application.php(180): yii\base\Module->runAction('migrate', Array)
#20 C:\xampp\htdocs\mahasiswa\vendor\yiisoft\yii2\console\Application.php(147): yii\console\Application->runAction('migrate', Array)
#21 C:\xampp\htdocs\mahasiswa\vendor\yiisoft\yii2\base\Application.php(384): yii\console\Application->handleRequest(Object(yii\console\Request))
#22 C:\xampp\htdocs\mahasiswa\yii(23): yii\base\Application->run()
#23 {main}

Next yii\db\Exception: SQLSTATE[HY000] [1049] Unknown database 'yii2advanced' in C:\xampp\htdocs\mahasiswa\vendor\yiisoft\yii2\db\Connection.php:648
Stack trace:
#0 C:\xampp\htdocs\mahasiswa\vendor\yiisoft\yii2\db\Connection.php(1067): yii\db\Connection->open()
#1 C:\xampp\htdocs\mahasiswa\vendor\yiisoft\yii2\db\Connection.php(1054): yii\db\Connection->getMasterPdo()
#2 C:\xampp\htdocs\mahasiswa\vendor\yiisoft\yii2\db\Command.php(261): yii\db\Connection->getSlavePdo(true)
#3 C:\xampp\htdocs\mahasiswa\vendor\yiisoft\yii2\db\Command.php(1181): yii\db\Command->prepare(true)
#4 C:\xampp\htdocs\mahasiswa\vendor\yiisoft\yii2\db\Command.php(417): yii\db\Command->queryInternal('fetchAll', NULL)
#5 C:\xampp\htdocs\mahasiswa\vendor\yiisoft\yii2\db\mysql\Schema.php(328): yii\db\Command->queryAll()
#6 C:\xampp\htdocs\mahasiswa\vendor\yiisoft\yii2\db\mysql\Schema.php(133): yii\db\mysql\Schema->findColumns(Object(yii\db\TableSchema))
#7 C:\xampp\htdocs\mahasiswa\vendor\yiisoft\yii2\db\Schema.php(756): yii\db\mysql\Schema->loadTableSchema('migration')
#8 C:\xampp\htdocs\mahasiswa\vendor\yiisoft\yii2\db\Schema.php(192): yii\db\Schema->getTableMetadata('{{%migration}}', 'schema', true)
#9 C:\xampp\htdocs\mahasiswa\vendor\yiisoft\yii2\console\controllers\MigrateController.php(211): yii\db\Schema->getTableSchema('{{%migration}}', true)
#10 C:\xampp\htdocs\mahasiswa\vendor\yiisoft\yii2\console\controllers\BaseMigrateController.php(908): yii\console\controllers\MigrateController->getMigrationHistory(NULL)
#11 C:\xampp\htdocs\mahasiswa\vendor\yiisoft\yii2\console\controllers\BaseMigrateController.php(183): yii\console\controllers\BaseMigrateController->getNewMigrations()
#12 [internal function]: yii\console\controllers\BaseMigrateController->actionUp(0)
#13 C:\xampp\htdocs\mahasiswa\vendor\yiisoft\yii2\base\InlineAction.php(57): call_user_func_array(Array, Array)
#14 C:\xampp\htdocs\mahasiswa\vendor\yiisoft\yii2\base\Controller.php(178): yii\base\InlineAction->runWithParams(Array)
#15 C:\xampp\htdocs\mahasiswa\vendor\yiisoft\yii2\console\Controller.php(180): yii\base\Controller->runAction('', Array)
#16 C:\xampp\htdocs\mahasiswa\vendor\yiisoft\yii2\base\Module.php(552): yii\console\Controller->runAction('', Array)
#17 C:\xampp\htdocs\mahasiswa\vendor\yiisoft\yii2\console\Application.php(180): yii\base\Module->runAction('migrate', Array)
#18 C:\xampp\htdocs\mahasiswa\vendor\yiisoft\yii2\console\Application.php(147): yii\console\Application->runAction('migrate', Array)
#19 C:\xampp\htdocs\mahasiswa\vendor\yiisoft\yii2\base\Application.php(384): yii\console\Application->handleRequest(Object(yii\console\Request))
#20 C:\xampp\htdocs\mahasiswa\yii(23): yii\base\Application->run()
#21 {main}
Additional Information:
Array
(
    [0] => HY000
    [1] => 1049
    [2] => Unknown database 'yii2advanced'
)

2024-03-23 16:51:41 [-][-][-][info][application] $_GET = []

$_POST = []

$_FILES = []

$_COOKIE = []

$_SERVER = [
    'ALLUSERSPROFILE' => 'C:\\ProgramData'
    'APPDATA' => 'C:\\Users\\ASUS\\AppData\\Roaming'
    'CommonProgramFiles' => 'C:\\Program Files\\Common Files'
    'CommonProgramFiles(x86)' => 'C:\\Program Files (x86)\\Common Files'
    'CommonProgramW6432' => 'C:\\Program Files\\Common Files'
    'COMPUTERNAME' => 'DESKTOP-OJ598FE'
    'ComSpec' => 'C:\\Windows\\system32\\cmd.exe'
    'DriverData' => 'C:\\Windows\\System32\\Drivers\\DriverData'
    'FPS_BROWSER_APP_PROFILE_STRING' => 'Internet Explorer'
    'FPS_BROWSER_USER_PROFILE_STRING' => 'Default'
    'HOMEDRIVE' => 'C:'
    'HOMEPATH' => '\\Users\\ASUS'
    'LOCALAPPDATA' => 'C:\\Users\\ASUS\\AppData\\Local'
    'LOGONSERVER' => '\\\\DESKTOP-OJ598FE'
    'NUMBER_OF_PROCESSORS' => '8'
    'OneDrive' => 'C:\\Users\\ASUS\\OneDrive'
    'OS' => 'Windows_NT'
    'Path' => 'C:\\Program Files\\ImageMagick-7.1.1-Q16-HDRI;C:\\Program Files\\Common Files\\Oracle\\Java\\javapath;C:\\Windows\\system32;C:\\Windows;C:\\Windows\\System32\\Wbem;C:\\Windows\\System32\\WindowsPowerShell\\v1.0\\;C:\\Windows\\System32\\OpenSSH\\;C:\\Program Files\\Intel\\WiFi\\bin\\;C:\\Program Files\\Common Files\\Intel\\WirelessCommon\\;C:\\Program Files\\dotnet\\;C:\\Program Files\\Git\\cmd;C:\\kotlinc\\bin;C:\\xampp\\php;C:\\composer;C:\\Users\\ASUS\\AppData\\Local\\Microsoft\\WindowsApps;C:\\Users\\ASUS\\.dotnet\\tools;C:\\Users\\ASUS\\AppData\\Local\\Programs\\Microsoft VS Code\\bin;C:\\Users\\ASUS\\Documents\\flutter\\bin;C:\\Users\\ASUS\\AppData\\Roaming\\Composer\\vendor\\bin'
    'PATHEXT' => '.COM;.EXE;.BAT;.CMD;.VBS;.VBE;.JS;.JSE;.WSF;.WSH;.MSC'
    'PHP_COMMAND' => 'php.exe'
    'PROCESSOR_ARCHITECTURE' => 'AMD64'
    'PROCESSOR_IDENTIFIER' => 'AMD64 Family 23 Model 17 Stepping 0, AuthenticAMD'
    'PROCESSOR_LEVEL' => '23'
    'PROCESSOR_REVISION' => '1100'
    'ProgramData' => 'C:\\ProgramData'
    'ProgramFiles' => 'C:\\Program Files'
    'ProgramFiles(x86)' => 'C:\\Program Files (x86)'
    'ProgramW6432' => 'C:\\Program Files'
    'PROMPT' => '$P$G'
    'PSModulePath' => 'C:\\Program Files\\WindowsPowerShell\\Modules;C:\\Windows\\system32\\WindowsPowerShell\\v1.0\\Modules'
    'PUBLIC' => 'C:\\Users\\Public'
    'SESSIONNAME' => 'Console'
    'SystemDrive' => 'C:'
    'SystemRoot' => 'C:\\Windows'
    'TEMP' => 'C:\\Users\\ASUS\\AppData\\Local\\Temp'
    'TMP' => 'C:\\Users\\ASUS\\AppData\\Local\\Temp'
    'USERDOMAIN' => 'DESKTOP-OJ598FE'
    'USERDOMAIN_ROAMINGPROFILE' => 'DESKTOP-OJ598FE'
    'USERNAME' => 'ASUS'
    'USERPROFILE' => 'C:\\Users\\ASUS'
    'windir' => 'C:\\Windows'
    'YII_PATH' => 'C:\\xampp\\htdocs\\mahasiswa\\'
    'PHP_SELF' => 'C:\\xampp\\htdocs\\mahasiswa\\yii'
    'SCRIPT_NAME' => 'C:\\xampp\\htdocs\\mahasiswa\\yii'
    'SCRIPT_FILENAME' => 'C:\\xampp\\htdocs\\mahasiswa\\yii'
    'PATH_TRANSLATED' => 'C:\\xampp\\htdocs\\mahasiswa\\yii'
    'DOCUMENT_ROOT' => ''
    'REQUEST_TIME_FLOAT' => 1711209101.629
    'REQUEST_TIME' => 1711209101
    'argv' => [
        0 => 'C:\\xampp\\htdocs\\mahasiswa\\yii'
        1 => 'migrate'
    ]
    'argc' => 2
]2024-03-23 16:53:06 [-][-][-][error][yii\di\NotInstantiableException] ReflectionException: Class "m190124_110200_add_verification_token_column_to_user_table" does not exist in C:\xampp\htdocs\mahasiswa\vendor\yiisoft\yii2\di\Container.php:507
Stack trace:
#0 C:\xampp\htdocs\mahasiswa\vendor\yiisoft\yii2\di\Container.php(507): ReflectionClass->__construct('m190124_110200_...')
#1 C:\xampp\htdocs\mahasiswa\vendor\yiisoft\yii2\di\Container.php(385): yii\di\Container->getDependencies('m190124_110200_...')
#2 C:\xampp\htdocs\mahasiswa\vendor\yiisoft\yii2\di\Container.php(170): yii\di\Container->build('m190124_110200_...', Array, Array)
#3 C:\xampp\htdocs\mahasiswa\vendor\yiisoft\yii2\BaseYii.php(365): yii\di\Container->get('m190124_110200_...', Array, Array)
#4 C:\xampp\htdocs\mahasiswa\vendor\yiisoft\yii2\console\controllers\MigrateController.php(199): yii\BaseYii::createObject(Array)
#5 C:\xampp\htdocs\mahasiswa\vendor\yiisoft\yii2\console\controllers\BaseMigrateController.php(757): yii\console\controllers\MigrateController->createMigration('m190124_110200_...')
#6 C:\xampp\htdocs\mahasiswa\vendor\yiisoft\yii2\console\controllers\BaseMigrateController.php(216): yii\console\controllers\BaseMigrateController->migrateUp('m190124_110200_...')
#7 [internal function]: yii\console\controllers\BaseMigrateController->actionUp(0)
#8 C:\xampp\htdocs\mahasiswa\vendor\yiisoft\yii2\base\InlineAction.php(57): call_user_func_array(Array, Array)
#9 C:\xampp\htdocs\mahasiswa\vendor\yiisoft\yii2\base\Controller.php(178): yii\base\InlineAction->runWithParams(Array)
#10 C:\xampp\htdocs\mahasiswa\vendor\yiisoft\yii2\console\Controller.php(180): yii\base\Controller->runAction('', Array)
#11 C:\xampp\htdocs\mahasiswa\vendor\yiisoft\yii2\base\Module.php(552): yii\console\Controller->runAction('', Array)
#12 C:\xampp\htdocs\mahasiswa\vendor\yiisoft\yii2\console\Application.php(180): yii\base\Module->runAction('migrate', Array)
#13 C:\xampp\htdocs\mahasiswa\vendor\yiisoft\yii2\console\Application.php(147): yii\console\Application->runAction('migrate', Array)
#14 C:\xampp\htdocs\mahasiswa\vendor\yiisoft\yii2\base\Application.php(384): yii\console\Application->handleRequest(Object(yii\console\Request))
#15 C:\xampp\htdocs\mahasiswa\yii(23): yii\base\Application->run()
#16 {main}

Next yii\di\NotInstantiableException: Failed to instantiate component or class "m190124_110200_add_verification_token_column_to_user_table". in C:\xampp\htdocs\mahasiswa\vendor\yiisoft\yii2\di\Container.php:509
Stack trace:
#0 C:\xampp\htdocs\mahasiswa\vendor\yiisoft\yii2\di\Container.php(385): yii\di\Container->getDependencies('m190124_110200_...')
#1 C:\xampp\htdocs\mahasiswa\vendor\yiisoft\yii2\di\Container.php(170): yii\di\Container->build('m190124_110200_...', Array, Array)
#2 C:\xampp\htdocs\mahasiswa\vendor\yiisoft\yii2\BaseYii.php(365): yii\di\Container->get('m190124_110200_...', Array, Array)
#3 C:\xampp\htdocs\mahasiswa\vendor\yiisoft\yii2\console\controllers\MigrateController.php(199): yii\BaseYii::createObject(Array)
#4 C:\xampp\htdocs\mahasiswa\vendor\yiisoft\yii2\console\controllers\BaseMigrateController.php(757): yii\console\controllers\MigrateController->createMigration('m190124_110200_...')
#5 C:\xampp\htdocs\mahasiswa\vendor\yiisoft\yii2\console\controllers\BaseMigrateController.php(216): yii\console\controllers\BaseMigrateController->migrateUp('m190124_110200_...')
#6 [internal function]: yii\console\controllers\BaseMigrateController->actionUp(0)
#7 C:\xampp\htdocs\mahasiswa\vendor\yiisoft\yii2\base\InlineAction.php(57): call_user_func_array(Array, Array)
#8 C:\xampp\htdocs\mahasiswa\vendor\yiisoft\yii2\base\Controller.php(178): yii\base\InlineAction->runWithParams(Array)
#9 C:\xampp\htdocs\mahasiswa\vendor\yiisoft\yii2\console\Controller.php(180): yii\base\Controller->runAction('', Array)
#10 C:\xampp\htdocs\mahasiswa\vendor\yiisoft\yii2\base\Module.php(552): yii\console\Controller->runAction('', Array)
#11 C:\xampp\htdocs\mahasiswa\vendor\yiisoft\yii2\console\Application.php(180): yii\base\Module->runAction('migrate', Array)
#12 C:\xampp\htdocs\mahasiswa\vendor\yiisoft\yii2\console\Application.php(147): yii\console\Application->runAction('migrate', Array)
#13 C:\xampp\htdocs\mahasiswa\vendor\yiisoft\yii2\base\Application.php(384): yii\console\Application->handleRequest(Object(yii\console\Request))
#14 C:\xampp\htdocs\mahasiswa\yii(23): yii\base\Application->run()
#15 {main}
2024-03-23 16:53:03 [-][-][-][info][application] $_GET = []

$_POST = []

$_FILES = []

$_COOKIE = []

$_SERVER = [
    'ALLUSERSPROFILE' => 'C:\\ProgramData'
    'APPDATA' => 'C:\\Users\\ASUS\\AppData\\Roaming'
    'CommonProgramFiles' => 'C:\\Program Files\\Common Files'
    'CommonProgramFiles(x86)' => 'C:\\Program Files (x86)\\Common Files'
    'CommonProgramW6432' => 'C:\\Program Files\\Common Files'
    'COMPUTERNAME' => 'DESKTOP-OJ598FE'
    'ComSpec' => 'C:\\Windows\\system32\\cmd.exe'
    'DriverData' => 'C:\\Windows\\System32\\Drivers\\DriverData'
    'FPS_BROWSER_APP_PROFILE_STRING' => 'Internet Explorer'
    'FPS_BROWSER_USER_PROFILE_STRING' => 'Default'
    'HOMEDRIVE' => 'C:'
    'HOMEPATH' => '\\Users\\ASUS'
    'LOCALAPPDATA' => 'C:\\Users\\ASUS\\AppData\\Local'
    'LOGONSERVER' => '\\\\DESKTOP-OJ598FE'
    'NUMBER_OF_PROCESSORS' => '8'
    'OneDrive' => 'C:\\Users\\ASUS\\OneDrive'
    'OS' => 'Windows_NT'
    'Path' => 'C:\\Program Files\\ImageMagick-7.1.1-Q16-HDRI;C:\\Program Files\\Common Files\\Oracle\\Java\\javapath;C:\\Windows\\system32;C:\\Windows;C:\\Windows\\System32\\Wbem;C:\\Windows\\System32\\WindowsPowerShell\\v1.0\\;C:\\Windows\\System32\\OpenSSH\\;C:\\Program Files\\Intel\\WiFi\\bin\\;C:\\Program Files\\Common Files\\Intel\\WirelessCommon\\;C:\\Program Files\\dotnet\\;C:\\Program Files\\Git\\cmd;C:\\kotlinc\\bin;C:\\xampp\\php;C:\\composer;C:\\Users\\ASUS\\AppData\\Local\\Microsoft\\WindowsApps;C:\\Users\\ASUS\\.dotnet\\tools;C:\\Users\\ASUS\\AppData\\Local\\Programs\\Microsoft VS Code\\bin;C:\\Users\\ASUS\\Documents\\flutter\\bin;C:\\Users\\ASUS\\AppData\\Roaming\\Composer\\vendor\\bin'
    'PATHEXT' => '.COM;.EXE;.BAT;.CMD;.VBS;.VBE;.JS;.JSE;.WSF;.WSH;.MSC'
    'PHP_COMMAND' => 'php.exe'
    'PROCESSOR_ARCHITECTURE' => 'AMD64'
    'PROCESSOR_IDENTIFIER' => 'AMD64 Family 23 Model 17 Stepping 0, AuthenticAMD'
    'PROCESSOR_LEVEL' => '23'
    'PROCESSOR_REVISION' => '1100'
    'ProgramData' => 'C:\\ProgramData'
    'ProgramFiles' => 'C:\\Program Files'
    'ProgramFiles(x86)' => 'C:\\Program Files (x86)'
    'ProgramW6432' => 'C:\\Program Files'
    'PROMPT' => '$P$G'
    'PSModulePath' => 'C:\\Program Files\\WindowsPowerShell\\Modules;C:\\Windows\\system32\\WindowsPowerShell\\v1.0\\Modules'
    'PUBLIC' => 'C:\\Users\\Public'
    'SESSIONNAME' => 'Console'
    'SystemDrive' => 'C:'
    'SystemRoot' => 'C:\\Windows'
    'TEMP' => 'C:\\Users\\ASUS\\AppData\\Local\\Temp'
    'TMP' => 'C:\\Users\\ASUS\\AppData\\Local\\Temp'
    'USERDOMAIN' => 'DESKTOP-OJ598FE'
    'USERDOMAIN_ROAMINGPROFILE' => 'DESKTOP-OJ598FE'
    'USERNAME' => 'ASUS'
    'USERPROFILE' => 'C:\\Users\\ASUS'
    'windir' => 'C:\\Windows'
    'YII_PATH' => 'C:\\xampp\\htdocs\\mahasiswa\\'
    'PHP_SELF' => 'C:\\xampp\\htdocs\\mahasiswa\\yii'
    'SCRIPT_NAME' => 'C:\\xampp\\htdocs\\mahasiswa\\yii'
    'SCRIPT_FILENAME' => 'C:\\xampp\\htdocs\\mahasiswa\\yii'
    'PATH_TRANSLATED' => 'C:\\xampp\\htdocs\\mahasiswa\\yii'
    'DOCUMENT_ROOT' => ''
    'REQUEST_TIME_FLOAT' => 1711209183.3024
    'REQUEST_TIME' => 1711209183
    'argv' => [
        0 => 'C:\\xampp\\htdocs\\mahasiswa\\yii'
        1 => 'migrate'
    ]
    'argc' => 2
]